app/build/intermediates/manifest_merge_blame_file/debug/processDebugMainManifest/manifest-merger-blame-debug-report.txt
1<?xml version="1.0" encoding="utf-8"?>
2<manifest xmlns:android="http://schemas.android.com/apk/res/android"
3    package="com.example.barcodescanner"
4    android:versionCode="1"
5    android:versionName="1.0" >
6
7    <uses-sdk
8        android:minSdkVersion="24"
9        android:targetSdkVersion="34" />
10
11    <uses-permission android:name="android.permission.CAMERA" />
11-->src\main\AndroidManifest.xml:5:5-65
11-->src\main\AndroidManifest.xml:5:22-62
12
13    <uses-feature
13-->src\main\AndroidManifest.xml:6:5-84
14        android:name="android.hardware.camera"
14-->src\main\AndroidManifest.xml:6:19-57
15        android:required="true" />
15-->src\main\AndroidManifest.xml:6:58-81
16    <uses-feature android:name="android.hardware.camera.autofocus" />
16-->src\main\AndroidManifest.xml:7:5-70
16-->src\main\AndroidManifest.xml:7:19-67
17
18    <permission
18-->[androidx.core:core:1.12.0] AndroidManifest.xml:22:5-24:47
19        android:name="com.example.barcodescanner.DYNAMIC_RECEIVER_NOT_EXPORTED_PERMISSION"
19-->[androidx.core:core:1.12.0] AndroidManifest.xml:23:9-81
20        android:protectionLevel="signature" />
20-->[androidx.core:core:1.12.0] AndroidManifest.xml:24:9-44
21
22    <uses-permission android:name="com.example.barcodescanner.DYNAMIC_RECEIVER_NOT_EXPORTED_PERMISSION" /> <!-- Although the *SdkVersion is captured in gradle build files, this is required for non gradle builds -->
22-->[androidx.core:core:1.12.0] AndroidManifest.xml:26:5-97
22-->[androidx.core:core:1.12.0] AndroidManifest.xml:26:22-94
23    <!-- <uses-sdk android:minSdkVersion="14"/> -->
24    <uses-permission android:name="android.permission.ACCESS_NETWORK_STATE" />
24-->[com.google.android.datatransport:transport-backend-cct:2.3.3] AndroidManifest.xml:25:5-79
24-->[com.google.android.datatransport:transport-backend-cct:2.3.3] AndroidManifest.xml:25:22-76
25    <uses-permission android:name="android.permission.INTERNET" />
25-->[com.google.android.datatransport:transport-backend-cct:2.3.3] AndroidManifest.xml:26:5-67
25-->[com.google.android.datatransport:transport-backend-cct:2.3.3] AndroidManifest.xml:26:22-64
26
27    <application
27-->src\main\AndroidManifest.xml:9:5-57:19
28        android:allowBackup="true"
28-->src\main\AndroidManifest.xml:10:9-35
29        android:appComponentFactory="androidx.core.app.CoreComponentFactory"
29-->[androidx.core:core:1.12.0] AndroidManifest.xml:28:18-86
30        android:dataExtractionRules="@xml/data_extraction_rules"
30-->src\main\AndroidManifest.xml:11:9-65
31        android:debuggable="true"
32        android:extractNativeLibs="false"
33        android:fullBackupContent="@xml/backup_rules"
33-->src\main\AndroidManifest.xml:12:9-54
34        android:icon="@mipmap/ic_launcher"
34-->src\main\AndroidManifest.xml:13:9-43
35        android:label="@string/app_name"
35-->src\main\AndroidManifest.xml:14:9-41
36        android:roundIcon="@mipmap/ic_launcher_round"
36-->src\main\AndroidManifest.xml:15:9-54
37        android:supportsRtl="true"
37-->src\main\AndroidManifest.xml:16:9-35
38        android:testOnly="true"
39        android:theme="@style/Theme.BarcodeScanner" >
39-->src\main\AndroidManifest.xml:17:9-52
40        <activity
40-->src\main\AndroidManifest.xml:19:9-22:52
41            android:name="com.example.barcodescanner.BarcodeScannerActivity"
41-->src\main\AndroidManifest.xml:20:13-51
42            android:exported="false"
42-->src\main\AndroidManifest.xml:21:13-37
43            android:screenOrientation="portrait" />
43-->src\main\AndroidManifest.xml:22:13-49
44        <activity
44-->src\main\AndroidManifest.xml:23:9-27:71
45            android:name="com.example.barcodescanner.NotificationsActivity"
45-->src\main\AndroidManifest.xml:24:13-50
46            android:exported="false"
46-->src\main\AndroidManifest.xml:25:13-37
47            android:parentActivityName="com.example.barcodescanner.MainActivity"
47-->src\main\AndroidManifest.xml:26:13-55
48            android:theme="@style/Theme.BarcodeScanner.NoActionBar" />
48-->src\main\AndroidManifest.xml:27:13-68
49        <activity
49-->src\main\AndroidManifest.xml:28:9-32:71
50            android:name="com.example.barcodescanner.StocksActivity"
50-->src\main\AndroidManifest.xml:29:13-43
51            android:exported="false"
51-->src\main\AndroidManifest.xml:30:13-37
52            android:parentActivityName="com.example.barcodescanner.MainActivity"
52-->src\main\AndroidManifest.xml:31:13-55
53            android:theme="@style/Theme.BarcodeScanner.NoActionBar" />
53-->src\main\AndroidManifest.xml:32:13-68
54        <activity
54-->src\main\AndroidManifest.xml:33:9-37:71
55            android:name="com.example.barcodescanner.CalendarActivity"
55-->src\main\AndroidManifest.xml:34:13-45
56            android:exported="false"
56-->src\main\AndroidManifest.xml:35:13-37
57            android:parentActivityName="com.example.barcodescanner.MainActivity"
57-->src\main\AndroidManifest.xml:36:13-55
58            android:theme="@style/Theme.BarcodeScanner.NoActionBar" />
58-->src\main\AndroidManifest.xml:37:13-68
59        <activity
59-->src\main\AndroidManifest.xml:38:9-42:71
60            android:name="com.example.barcodescanner.SettingsActivity"
60-->src\main\AndroidManifest.xml:39:13-45
61            android:exported="false"
61-->src\main\AndroidManifest.xml:40:13-37
62            android:parentActivityName="com.example.barcodescanner.MainActivity"
62-->src\main\AndroidManifest.xml:41:13-55
63            android:theme="@style/Theme.BarcodeScanner.NoActionBar" />
63-->src\main\AndroidManifest.xml:42:13-68
64        <activity
64-->src\main\AndroidManifest.xml:43:9-47:71
65            android:name="com.example.barcodescanner.SalesActivity"
65-->src\main\AndroidManifest.xml:44:13-42
66            android:exported="false"
66-->src\main\AndroidManifest.xml:45:13-37
67            android:parentActivityName="com.example.barcodescanner.MainActivity"
67-->src\main\AndroidManifest.xml:46:13-55
68            android:theme="@style/Theme.BarcodeScanner.NoActionBar" />
68-->src\main\AndroidManifest.xml:47:13-68
69        <activity
69-->src\main\AndroidManifest.xml:48:9-56:20
70            android:name="com.example.barcodescanner.MainActivity"
70-->src\main\AndroidManifest.xml:49:13-41
71            android:exported="true"
71-->src\main\AndroidManifest.xml:50:13-36
72            android:theme="@style/Theme.BarcodeScanner.NoActionBar" >
72-->src\main\AndroidManifest.xml:51:13-68
73            <intent-filter>
73-->src\main\AndroidManifest.xml:52:13-55:29
74                <action android:name="android.intent.action.MAIN" />
74-->src\main\AndroidManifest.xml:53:17-69
74-->src\main\AndroidManifest.xml:53:25-66
75
76                <category android:name="android.intent.category.LAUNCHER" />
76-->src\main\AndroidManifest.xml:54:17-77
76-->src\main\AndroidManifest.xml:54:27-74
77            </intent-filter>
78        </activity>
79
80        <service
80-->[androidx.camera:camera-camera2:1.3.1] AndroidManifest.xml:24:9-33:19
81            android:name="androidx.camera.core.impl.MetadataHolderService"
81-->[androidx.camera:camera-camera2:1.3.1] AndroidManifest.xml:25:13-75
82            android:enabled="false"
82-->[androidx.camera:camera-camera2:1.3.1] AndroidManifest.xml:26:13-36
83            android:exported="false" >
83-->[androidx.camera:camera-camera2:1.3.1] AndroidManifest.xml:27:13-37
84            <meta-data
84-->[androidx.camera:camera-camera2:1.3.1] AndroidManifest.xml:30:13-32:89
85                android:name="androidx.camera.core.impl.MetadataHolderService.DEFAULT_CONFIG_PROVIDER"
85-->[androidx.camera:camera-camera2:1.3.1] AndroidManifest.xml:31:17-103
86                android:value="androidx.camera.camera2.Camera2Config$DefaultProvider" />
86-->[androidx.camera:camera-camera2:1.3.1] AndroidManifest.xml:32:17-86
87        </service>
88
89        <provider
89-->[androidx.emoji2:emoji2:1.2.0] AndroidManifest.xml:24:9-32:20
90            android:name="androidx.startup.InitializationProvider"
90-->[androidx.emoji2:emoji2:1.2.0] AndroidManifest.xml:25:13-67
91            android:authorities="com.example.barcodescanner.androidx-startup"
91-->[androidx.emoji2:emoji2:1.2.0] AndroidManifest.xml:26:13-68
92            android:exported="false" >
92-->[androidx.emoji2:emoji2:1.2.0] AndroidManifest.xml:27:13-37
93            <meta-data
93-->[androidx.emoji2:emoji2:1.2.0] AndroidManifest.xml:29:13-31:52
94                android:name="androidx.emoji2.text.EmojiCompatInitializer"
94-->[androidx.emoji2:emoji2:1.2.0] AndroidManifest.xml:30:17-75
95                android:value="androidx.startup" />
95-->[androidx.emoji2:emoji2:1.2.0] AndroidManifest.xml:31:17-49
96            <meta-data
96-->[androidx.lifecycle:lifecycle-process:2.7.0] AndroidManifest.xml:29:13-31:52
97                android:name="androidx.lifecycle.ProcessLifecycleInitializer"
97-->[androidx.lifecycle:lifecycle-process:2.7.0] AndroidManifest.xml:30:17-78
98                android:value="androidx.startup" />
98-->[androidx.lifecycle:lifecycle-process:2.7.0] AndroidManifest.xml:31:17-49
99            <meta-data
99-->[androidx.profileinstaller:profileinstaller:1.3.0] AndroidManifest.xml:29:13-31:52
100                android:name="androidx.profileinstaller.ProfileInstallerInitializer"
100-->[androidx.profileinstaller:profileinstaller:1.3.0] AndroidManifest.xml:30:17-85
101                android:value="androidx.startup" />
101-->[androidx.profileinstaller:profileinstaller:1.3.0] AndroidManifest.xml:31:17-49
102        </provider>
103
104        <service
104-->[com.google.android.gms:play-services-mlkit-barcode-scanning:18.3.0] AndroidManifest.xml:9:9-15:19
105            android:name="com.google.mlkit.common.internal.MlKitComponentDiscoveryService"
105-->[com.google.android.gms:play-services-mlkit-barcode-scanning:18.3.0] AndroidManifest.xml:10:13-91
106            android:directBootAware="true"
106-->[com.google.mlkit:common:18.9.0] AndroidManifest.xml:17:13-43
107            android:exported="false" >
107-->[com.google.android.gms:play-services-mlkit-barcode-scanning:18.3.0] AndroidManifest.xml:11:13-37
108            <meta-data
108-->[com.google.android.gms:play-services-mlkit-barcode-scanning:18.3.0] AndroidManifest.xml:12:13-14:85
109                android:name="com.google.firebase.components:com.google.mlkit.vision.barcode.internal.BarcodeRegistrar"
109-->[com.google.android.gms:play-services-mlkit-barcode-scanning:18.3.0] AndroidManifest.xml:13:17-120
110                android:value="com.google.firebase.components.ComponentRegistrar" />
110-->[com.google.android.gms:play-services-mlkit-barcode-scanning:18.3.0] AndroidManifest.xml:14:17-82
111            <meta-data
111-->[com.google.mlkit:vision-common:17.3.0] AndroidManifest.xml:12:13-14:85
112                android:name="com.google.firebase.components:com.google.mlkit.vision.common.internal.VisionCommonRegistrar"
112-->[com.google.mlkit:vision-common:17.3.0] AndroidManifest.xml:13:17-124
113                android:value="com.google.firebase.components.ComponentRegistrar" />
113-->[com.google.mlkit:vision-common:17.3.0] AndroidManifest.xml:14:17-82
114            <meta-data
114-->[com.google.mlkit:common:18.9.0] AndroidManifest.xml:20:13-22:85
115                android:name="com.google.firebase.components:com.google.mlkit.common.internal.CommonComponentRegistrar"
115-->[com.google.mlkit:common:18.9.0] AndroidManifest.xml:21:17-120
116                android:value="com.google.firebase.components.ComponentRegistrar" />
116-->[com.google.mlkit:common:18.9.0] AndroidManifest.xml:22:17-82
117        </service>
118
119        <provider
119-->[com.google.mlkit:common:18.9.0] AndroidManifest.xml:9:9-13:38
120            android:name="com.google.mlkit.common.internal.MlKitInitProvider"
120-->[com.google.mlkit:common:18.9.0] AndroidManifest.xml:10:13-78
121            android:authorities="com.example.barcodescanner.mlkitinitprovider"
121-->[com.google.mlkit:common:18.9.0] AndroidManifest.xml:11:13-69
122            android:exported="false"
122-->[com.google.mlkit:common:18.9.0] AndroidManifest.xml:12:13-37
123            android:initOrder="99" />
123-->[com.google.mlkit:common:18.9.0] AndroidManifest.xml:13:13-35
124
125        <activity
125-->[com.google.android.gms:play-services-base:18.1.0] AndroidManifest.xml:20:9-22:45
126            android:name="com.google.android.gms.common.api.GoogleApiActivity"
126-->[com.google.android.gms:play-services-base:18.1.0] AndroidManifest.xml:20:19-85
127            android:exported="false"
127-->[com.google.android.gms:play-services-base:18.1.0] AndroidManifest.xml:22:19-43
128            android:theme="@android:style/Theme.Translucent.NoTitleBar" />
128-->[com.google.android.gms:play-services-base:18.1.0] AndroidManifest.xml:21:19-78
129
130        <meta-data
130-->[com.google.android.gms:play-services-basement:18.1.0] AndroidManifest.xml:21:9-23:69
131            android:name="com.google.android.gms.version"
131-->[com.google.android.gms:play-services-basement:18.1.0] AndroidManifest.xml:22:13-58
132            android:value="@integer/google_play_services_version" />
132-->[com.google.android.gms:play-services-basement:18.1.0] AndroidManifest.xml:23:13-66
133
134        <uses-library
134-->[androidx.window:window:1.0.0] AndroidManifest.xml:25:9-27:40
135            android:name="androidx.window.extensions"
135-->[androidx.window:window:1.0.0] AndroidManifest.xml:26:13-54
136            android:required="false" />
136-->[androidx.window:window:1.0.0] AndroidManifest.xml:27:13-37
137        <uses-library
137-->[androidx.window:window:1.0.0] AndroidManifest.xml:28:9-30:40
138            android:name="androidx.window.sidecar"
138-->[androidx.window:window:1.0.0] AndroidManifest.xml:29:13-51
139            android:required="false" />
139-->[androidx.window:window:1.0.0] AndroidManifest.xml:30:13-37
140
141        <receiver
141-->[androidx.profileinstaller:profileinstaller:1.3.0] AndroidManifest.xml:34:9-52:20
142            android:name="androidx.profileinstaller.ProfileInstallReceiver"
142-->[androidx.profileinstaller:profileinstaller:1.3.0] AndroidManifest.xml:35:13-76
143            android:directBootAware="false"
143-->[androidx.profileinstaller:profileinstaller:1.3.0] AndroidManifest.xml:36:13-44
144            android:enabled="true"
144-->[androidx.profileinstaller:profileinstaller:1.3.0] AndroidManifest.xml:37:13-35
145            android:exported="true"
145-->[androidx.profileinstaller:profileinstaller:1.3.0] AndroidManifest.xml:38:13-36
146            android:permission="android.permission.DUMP" >
146-->[androidx.profileinstaller:profileinstaller:1.3.0] AndroidManifest.xml:39:13-57
147            <intent-filter>
147-->[androidx.profileinstaller:profileinstaller:1.3.0] AndroidManifest.xml:40:13-42:29
148                <action android:name="androidx.profileinstaller.action.INSTALL_PROFILE" />
148-->[androidx.profileinstaller:profileinstaller:1.3.0] AndroidManifest.xml:41:17-91
148-->[androidx.profileinstaller:profileinstaller:1.3.0] AndroidManifest.xml:41:25-88
149            </intent-filter>
150            <intent-filter>
150-->[androidx.profileinstaller:profileinstaller:1.3.0] AndroidManifest.xml:43:13-45:29
151                <action android:name="androidx.profileinstaller.action.SKIP_FILE" />
151-->[androidx.profileinstaller:profileinstaller:1.3.0] AndroidManifest.xml:44:17-85
151-->[androidx.profileinstaller:profileinstaller:1.3.0] AndroidManifest.xml:44:25-82
152            </intent-filter>
153            <intent-filter>
153-->[androidx.profileinstaller:profileinstaller:1.3.0] AndroidManifest.xml:46:13-48:29
154                <action android:name="androidx.profileinstaller.action.SAVE_PROFILE" />
154-->[androidx.profileinstaller:profileinstaller:1.3.0] AndroidManifest.xml:47:17-88
154-->[androidx.profileinstaller:profileinstaller:1.3.0] AndroidManifest.xml:47:25-85
155            </intent-filter>
156            <intent-filter>
156-->[androidx.profileinstaller:profileinstaller:1.3.0] AndroidManifest.xml:49:13-51:29
157                <action android:name="androidx.profileinstaller.action.BENCHMARK_OPERATION" />
157-->[androidx.profileinstaller:profileinstaller:1.3.0] AndroidManifest.xml:50:17-95
157-->[androidx.profileinstaller:profileinstaller:1.3.0] AndroidManifest.xml:50:25-92
158            </intent-filter>
159        </receiver>
160
161        <service
161-->[com.google.android.datatransport:transport-backend-cct:2.3.3] AndroidManifest.xml:29:9-35:19
162            android:name="com.google.android.datatransport.runtime.backends.TransportBackendDiscovery"
162-->[com.google.android.datatransport:transport-backend-cct:2.3.3] AndroidManifest.xml:30:13-103
163            android:exported="false" >
163-->[com.google.android.datatransport:transport-backend-cct:2.3.3] AndroidManifest.xml:31:13-37
164            <meta-data
164-->[com.google.android.datatransport:transport-backend-cct:2.3.3] AndroidManifest.xml:32:13-34:39
165                android:name="backend:com.google.android.datatransport.cct.CctBackendFactory"
165-->[com.google.android.datatransport:transport-backend-cct:2.3.3] AndroidManifest.xml:33:17-94
166                android:value="cct" />
166-->[com.google.android.datatransport:transport-backend-cct:2.3.3] AndroidManifest.xml:34:17-36
167        </service>
168        <service
168-->[com.google.android.datatransport:transport-runtime:2.2.6] AndroidManifest.xml:26:9-30:19
169            android:name="com.google.android.datatransport.runtime.scheduling.jobscheduling.JobInfoSchedulerService"
169-->[com.google.android.datatransport:transport-runtime:2.2.6] AndroidManifest.xml:27:13-117
170            android:exported="false"
170-->[com.google.android.datatransport:transport-runtime:2.2.6] AndroidManifest.xml:28:13-37
171            android:permission="android.permission.BIND_JOB_SERVICE" >
171-->[com.google.android.datatransport:transport-runtime:2.2.6] AndroidManifest.xml:29:13-69
172        </service>
173
174        <receiver
174-->[com.google.android.datatransport:transport-runtime:2.2.6] AndroidManifest.xml:32:9-34:40
175            android:name="com.google.android.datatransport.runtime.scheduling.jobscheduling.AlarmManagerSchedulerBroadcastReceiver"
175-->[com.google.android.datatransport:transport-runtime:2.2.6] AndroidManifest.xml:33:13-132
176            android:exported="false" />
176-->[com.google.android.datatransport:transport-runtime:2.2.6] AndroidManifest.xml:34:13-37
177    </application>
178
179</manifest>